2018-11-16 08:05:23 [scrapy.utils.log] INFO: Scrapy 1.5.1 started (bot: wikiSpider)
2018-11-16 08:05:23 [scrapy.utils.log] INFO: Versions: lxml 4.2.5.0, libxml2 2.9.8, cssselect 1.0.3, parsel 1.5.1, w3lib 1.19.0, Twisted 18.9.0, Python 3.7.0 (default, Oct 26 2018, 08:57:23) - [Clang 10.0.0 (clang-1000.11.45.2)], pyOpenSSL 18.0.0 (OpenSSL 1.1.0i  14 Aug 2018), cryptography 2.4.1, Platform Darwin-18.0.0-x86_64-i386-64bit
2018-11-16 08:05:23 [scrapy.crawler] INFO: Overridden settings: {'BOT_NAME': 'wikiSpider', 'FEED_FORMAT': 'json', 'FEED_URI': 'articles.json', 'LOG_FILE': 'blog.log', 'NEWSPIDER_MODULE': 'wikiSpider.spiders', 'ROBOTSTXT_OBEY': True, 'SPIDER_LOADER_WARN_ONLY': True, 'SPIDER_MODULES': ['wikiSpider.spiders']}
2018-11-16 08:05:23 [scrapy.middleware] INFO: Enabled extensions:
['scrapy.extensions.corestats.CoreStats',
 'scrapy.extensions.telnet.TelnetConsole',
 'scrapy.extensions.memusage.MemoryUsage',
 'scrapy.extensions.feedexport.FeedExporter',
 'scrapy.extensions.logstats.LogStats']
2018-11-16 08:05:24 [scrapy.middleware] INFO: Enabled downloader middlewares:
['scrapy.downloadermiddlewares.robotstxt.RobotsTxtMiddleware',
 'scrapy.downloadermiddlewares.httpauth.HttpAuthMiddleware',
 'scrapy.downloadermiddlewares.downloadtimeout.DownloadTimeoutMiddleware',
 'scrapy.downloadermiddlewares.defaultheaders.DefaultHeadersMiddleware',
 'scrapy.downloadermiddlewares.useragent.UserAgentMiddleware',
 'scrapy.downloadermiddlewares.retry.RetryMiddleware',
 'scrapy.downloadermiddlewares.redirect.MetaRefreshMiddleware',
 'scrapy.downloadermiddlewares.httpcompression.HttpCompressionMiddleware',
 'scrapy.downloadermiddlewares.redirect.RedirectMiddleware',
 'scrapy.downloadermiddlewares.cookies.CookiesMiddleware',
 'scrapy.downloadermiddlewares.httpproxy.HttpProxyMiddleware',
 'scrapy.downloadermiddlewares.stats.DownloaderStats']
2018-11-16 08:05:24 [scrapy.middleware] INFO: Enabled spider middlewares:
['scrapy.spidermiddlewares.httperror.HttpErrorMiddleware',
 'scrapy.spidermiddlewares.offsite.OffsiteMiddleware',
 'scrapy.spidermiddlewares.referer.RefererMiddleware',
 'scrapy.spidermiddlewares.urllength.UrlLengthMiddleware',
 'scrapy.spidermiddlewares.depth.DepthMiddleware']
2018-11-16 08:05:24 [scrapy.middleware] INFO: Enabled item pipelines:
[]
2018-11-16 08:05:24 [scrapy.core.engine] INFO: Spider opened
2018-11-16 08:05:24 [scrapy.extensions.logstats] INFO: Crawled 0 pages (at 0 pages/min), scraped 0 items (at 0 items/min)
2018-11-16 08:05:24 [scrapy.extensions.telnet] DEBUG: Telnet console listening on 127.0.0.1:6023
2018-11-16 08:05:24 [scrapy.core.engine] DEBUG: Crawled (200) <GET https://blog.scrapinghub.com/robots.txt> (referer: None)
2018-11-16 08:05:24 [scrapy.core.engine] DEBUG: Crawled (200) <GET https://blog.scrapinghub.com> (referer: None)
2018-11-16 08:05:24 [scrapy.core.scraper] DEBUG: Scraped from <200 https://blog.scrapinghub.com>
{'title': 'Data Quality Assurance for Enterprise Web Scraping'}
2018-11-16 08:05:24 [scrapy.core.scraper] DEBUG: Scraped from <200 https://blog.scrapinghub.com>
{'title': 'What I Learned as a Google Summer of Code student at Scrapinghub'}
2018-11-16 08:05:24 [scrapy.core.scraper] DEBUG: Scraped from <200 https://blog.scrapinghub.com>
{'title': 'GDPR Compliance For Web Scrapers: The Step-By-Step Guide'}
2018-11-16 08:05:24 [scrapy.core.scraper] DEBUG: Scraped from <200 https://blog.scrapinghub.com>
{'title': 'For E-Commerce Data Scientists: Lessons Learned Scraping 100 Billion Products Pages'}
2018-11-16 08:05:24 [scrapy.core.scraper] DEBUG: Scraped from <200 https://blog.scrapinghub.com>
{'title': 'A Sneak Peek Inside What Hedge Funds Think of Alternative Financial Data'}
2018-11-16 08:05:24 [scrapy.core.scraper] DEBUG: Scraped from <200 https://blog.scrapinghub.com>
{'title': 'Want to Predict Fitbit’s Quarterly Revenue? Eagle Alpha Did It Using Web Scraped Product Data'}
2018-11-16 08:05:24 [scrapy.core.scraper] DEBUG: Scraped from <200 https://blog.scrapinghub.com>
{'title': 'How Data Compliance Companies Are Turning To Web Crawlers To Take Advantage of the GDPR Business Opportunity'}
2018-11-16 08:05:24 [scrapy.core.scraper] DEBUG: Scraped from <200 https://blog.scrapinghub.com>
{'title': 'Looking Back at 2017'}
2018-11-16 08:05:24 [scrapy.core.scraper] DEBUG: Scraped from <200 https://blog.scrapinghub.com>
{'title': 'A Faster, Updated Scrapinghub'}
2018-11-16 08:05:24 [scrapy.core.scraper] DEBUG: Scraped from <200 https://blog.scrapinghub.com>
{'title': 'Scraping the Steam Game Store with Scrapy'}
2018-11-16 08:05:24 [scrapy.core.engine] INFO: Closing spider (finished)
2018-11-16 08:05:24 [scrapy.extensions.feedexport] INFO: Stored json feed (10 items) in: articles.json
2018-11-16 08:05:24 [scrapy.statscollectors] INFO: Dumping Scrapy stats:
{'downloader/request_bytes': 510,
 'downloader/request_count': 2,
 'downloader/request_method_count/GET': 2,
 'downloader/response_bytes': 10800,
 'downloader/response_count': 2,
 'downloader/response_status_count/200': 2,
 'finish_reason': 'finished',
 'finish_time': datetime.datetime(2018, 11, 16, 10, 5, 24, 292012),
 'item_scraped_count': 10,
 'log_count/DEBUG': 13,
 'log_count/INFO': 8,
 'memusage/max': 49106944,
 'memusage/startup': 49106944,
 'response_received_count': 2,
 'scheduler/dequeued': 1,
 'scheduler/dequeued/memory': 1,
 'scheduler/enqueued': 1,
 'scheduler/enqueued/memory': 1,
 'start_time': datetime.datetime(2018, 11, 16, 10, 5, 24, 38997)}
2018-11-16 08:05:24 [scrapy.core.engine] INFO: Spider closed (finished)
2018-11-16 08:05:41 [scrapy.utils.log] INFO: Scrapy 1.5.1 started (bot: wikiSpider)
2018-11-16 08:05:41 [scrapy.utils.log] INFO: Versions: lxml 4.2.5.0, libxml2 2.9.8, cssselect 1.0.3, parsel 1.5.1, w3lib 1.19.0, Twisted 18.9.0, Python 3.7.0 (default, Oct 26 2018, 08:57:23) - [Clang 10.0.0 (clang-1000.11.45.2)], pyOpenSSL 18.0.0 (OpenSSL 1.1.0i  14 Aug 2018), cryptography 2.4.1, Platform Darwin-18.0.0-x86_64-i386-64bit
2018-11-16 08:05:41 [scrapy.crawler] INFO: Overridden settings: {'BOT_NAME': 'wikiSpider', 'FEED_FORMAT': 'json', 'FEED_URI': 'blog.json', 'LOG_FILE': 'blog.log', 'NEWSPIDER_MODULE': 'wikiSpider.spiders', 'ROBOTSTXT_OBEY': True, 'SPIDER_LOADER_WARN_ONLY': True, 'SPIDER_MODULES': ['wikiSpider.spiders']}
2018-11-16 08:05:41 [scrapy.middleware] INFO: Enabled extensions:
['scrapy.extensions.corestats.CoreStats',
 'scrapy.extensions.telnet.TelnetConsole',
 'scrapy.extensions.memusage.MemoryUsage',
 'scrapy.extensions.feedexport.FeedExporter',
 'scrapy.extensions.logstats.LogStats']
2018-11-16 08:05:41 [scrapy.middleware] INFO: Enabled downloader middlewares:
['scrapy.downloadermiddlewares.robotstxt.RobotsTxtMiddleware',
 'scrapy.downloadermiddlewares.httpauth.HttpAuthMiddleware',
 'scrapy.downloadermiddlewares.downloadtimeout.DownloadTimeoutMiddleware',
 'scrapy.downloadermiddlewares.defaultheaders.DefaultHeadersMiddleware',
 'scrapy.downloadermiddlewares.useragent.UserAgentMiddleware',
 'scrapy.downloadermiddlewares.retry.RetryMiddleware',
 'scrapy.downloadermiddlewares.redirect.MetaRefreshMiddleware',
 'scrapy.downloadermiddlewares.httpcompression.HttpCompressionMiddleware',
 'scrapy.downloadermiddlewares.redirect.RedirectMiddleware',
 'scrapy.downloadermiddlewares.cookies.CookiesMiddleware',
 'scrapy.downloadermiddlewares.httpproxy.HttpProxyMiddleware',
 'scrapy.downloadermiddlewares.stats.DownloaderStats']
2018-11-16 08:05:41 [scrapy.middleware] INFO: Enabled spider middlewares:
['scrapy.spidermiddlewares.httperror.HttpErrorMiddleware',
 'scrapy.spidermiddlewares.offsite.OffsiteMiddleware',
 'scrapy.spidermiddlewares.referer.RefererMiddleware',
 'scrapy.spidermiddlewares.urllength.UrlLengthMiddleware',
 'scrapy.spidermiddlewares.depth.DepthMiddleware']
2018-11-16 08:05:41 [scrapy.middleware] INFO: Enabled item pipelines:
[]
2018-11-16 08:05:41 [scrapy.core.engine] INFO: Spider opened
2018-11-16 08:05:41 [scrapy.extensions.logstats] INFO: Crawled 0 pages (at 0 pages/min), scraped 0 items (at 0 items/min)
2018-11-16 08:05:41 [scrapy.extensions.telnet] DEBUG: Telnet console listening on 127.0.0.1:6023
2018-11-16 08:05:41 [scrapy.core.engine] DEBUG: Crawled (200) <GET https://blog.scrapinghub.com/robots.txt> (referer: None)
2018-11-16 08:05:41 [scrapy.core.engine] DEBUG: Crawled (200) <GET https://blog.scrapinghub.com> (referer: None)
2018-11-16 08:05:41 [scrapy.core.scraper] DEBUG: Scraped from <200 https://blog.scrapinghub.com>
{'title': 'Data Quality Assurance for Enterprise Web Scraping'}
2018-11-16 08:05:41 [scrapy.core.scraper] DEBUG: Scraped from <200 https://blog.scrapinghub.com>
{'title': 'What I Learned as a Google Summer of Code student at Scrapinghub'}
2018-11-16 08:05:41 [scrapy.core.scraper] DEBUG: Scraped from <200 https://blog.scrapinghub.com>
{'title': 'GDPR Compliance For Web Scrapers: The Step-By-Step Guide'}
2018-11-16 08:05:41 [scrapy.core.scraper] DEBUG: Scraped from <200 https://blog.scrapinghub.com>
{'title': 'For E-Commerce Data Scientists: Lessons Learned Scraping 100 Billion Products Pages'}
2018-11-16 08:05:41 [scrapy.core.scraper] DEBUG: Scraped from <200 https://blog.scrapinghub.com>
{'title': 'A Sneak Peek Inside What Hedge Funds Think of Alternative Financial Data'}
2018-11-16 08:05:41 [scrapy.core.scraper] DEBUG: Scraped from <200 https://blog.scrapinghub.com>
{'title': 'Want to Predict Fitbit’s Quarterly Revenue? Eagle Alpha Did It Using Web Scraped Product Data'}
2018-11-16 08:05:41 [scrapy.core.scraper] DEBUG: Scraped from <200 https://blog.scrapinghub.com>
{'title': 'How Data Compliance Companies Are Turning To Web Crawlers To Take Advantage of the GDPR Business Opportunity'}
2018-11-16 08:05:41 [scrapy.core.scraper] DEBUG: Scraped from <200 https://blog.scrapinghub.com>
{'title': 'Looking Back at 2017'}
2018-11-16 08:05:41 [scrapy.core.scraper] DEBUG: Scraped from <200 https://blog.scrapinghub.com>
{'title': 'A Faster, Updated Scrapinghub'}
2018-11-16 08:05:41 [scrapy.core.scraper] DEBUG: Scraped from <200 https://blog.scrapinghub.com>
{'title': 'Scraping the Steam Game Store with Scrapy'}
2018-11-16 08:05:41 [scrapy.core.engine] INFO: Closing spider (finished)
2018-11-16 08:05:41 [scrapy.extensions.feedexport] INFO: Stored json feed (10 items) in: blog.json
2018-11-16 08:05:41 [scrapy.statscollectors] INFO: Dumping Scrapy stats:
{'downloader/request_bytes': 510,
 'downloader/request_count': 2,
 'downloader/request_method_count/GET': 2,
 'downloader/response_bytes': 10800,
 'downloader/response_count': 2,
 'downloader/response_status_count/200': 2,
 'finish_reason': 'finished',
 'finish_time': datetime.datetime(2018, 11, 16, 10, 5, 41, 366844),
 'item_scraped_count': 10,
 'log_count/DEBUG': 13,
 'log_count/INFO': 8,
 'memusage/max': 49262592,
 'memusage/startup': 49262592,
 'response_received_count': 2,
 'scheduler/dequeued': 1,
 'scheduler/dequeued/memory': 1,
 'scheduler/enqueued': 1,
 'scheduler/enqueued/memory': 1,
 'start_time': datetime.datetime(2018, 11, 16, 10, 5, 41, 131736)}
2018-11-16 08:05:41 [scrapy.core.engine] INFO: Spider closed (finished)
